<?xml version="1.0" encoding="UTF-8"?>
<!-- Generated by org.testng.reporters.JUnitReportReporter -->
<testsuite hostname="469225d5a12d" failures="0" tests="1" name="webui.loginPage.Login" time="0.120" errors="0" timestamp="2025-08-24T17:37:26 UTC" skipped="0">
  <testcase classname="webui.loginPage.Login" name="validateLogin" time="0.120"/>
  <system-out/>
</testsuite> <!-- webui.loginPage.Login -->
