<?xml version="1.0" encoding="UTF-8"?>
<!-- Generated by org.testng.reporters.JUnitReportReporter -->
<testsuite hostname="469225d5a12d" failures="0" tests="4" name="api.sampleDev.APITests" time="7.199" errors="0" timestamp="2025-08-24T17:37:26 UTC" skipped="0">
  <testcase classname="api.sampleDev.APITests" name="postPhoneAPI" time="5.931"/>
  <system-out/>
  <testcase classname="api.sampleDev.APITests" name="getPhoneAPI" time="0.412"/>
  <system-out/>
  <testcase classname="api.sampleDev.APITests" name="putPhoneAPI" time="0.305"/>
  <system-out/>
  <testcase classname="api.sampleDev.APITests" name="deletePhoneAPI" time="0.551"/>
  <system-out/>
</testsuite> <!-- api.sampleDev.APITests -->
