<?xml version="1.0" encoding="UTF-8"?>
<!-- Generated by org.testng.reporters.JUnitReportReporter -->
<testsuite hostname="LAPTOP-NLJV8V8E" failures="0" tests="1" name="api.sampleDev.APITests" time="4.138" errors="0" timestamp="2025-08-10T23:12:24 IST" skipped="0">
  <testcase classname="api.sampleDev.APITests" name="getUsersAPITest" time="4.138"/>
  <system-out/>
</testsuite> <!-- api.sampleDev.APITests -->
