<?xml version="1.0" encoding="UTF-8"?>
<!-- Generated by org.testng.reporters.JUnitReportReporter -->
<testsuite hostname="LAPTOP-NLJV8V8E" failures="0" tests="4" name="api.sampleDev.APITests" time="4.267" errors="0" timestamp="2025-08-16T12:53:17 IST" skipped="0">
  <testcase classname="api.sampleDev.APITests" name="postPhoneAPI" time="3.011"/>
  <system-out/>
  <testcase classname="api.sampleDev.APITests" name="getPhoneAPI" time="0.325"/>
  <system-out/>
  <testcase classname="api.sampleDev.APITests" name="putPhoneAPI" time="0.346"/>
  <system-out/>
  <testcase classname="api.sampleDev.APITests" name="deletePhoneAPI" time="0.585"/>
  <system-out/>
</testsuite> <!-- api.sampleDev.APITests -->
