<?xml version="1.0" encoding="UTF-8"?>
<!-- Generated by org.testng.reporters.JUnitReportReporter -->
<testsuite hostname="LAPTOP-NLJV8V8E" failures="0" tests="4" name="api.sampleDev.APITests" time="3.169" errors="0" timestamp="2025-08-24T23:23:25 IST" skipped="0">
  <testcase classname="api.sampleDev.APITests" name="postPhoneAPI" time="2.154"/>
  <system-out/>
  <testcase classname="api.sampleDev.APITests" name="getPhoneAPI" time="0.294"/>
  <system-out/>
  <testcase classname="api.sampleDev.APITests" name="putPhoneAPI" time="0.272"/>
  <system-out/>
  <testcase classname="api.sampleDev.APITests" name="deletePhoneAPI" time="0.449"/>
  <system-out/>
</testsuite> <!-- api.sampleDev.APITests -->
