<?xml version="1.0" encoding="UTF-8"?>
<!-- Generated by org.testng.reporters.JUnitReportReporter -->
<testsuite hostname="LAPTOP-NLJV8V8E" failures="0" tests="1" name="webui.loginPage.Login" time="0.080" errors="0" timestamp="2025-08-24T23:23:25 IST" skipped="0">
  <testcase classname="webui.loginPage.Login" name="validateLogin" time="0.080"/>
  <system-out/>
</testsuite> <!-- webui.loginPage.Login -->
